{"/home/pavel/Documentos/ReactLab/src/app/components/Header/index.tsx": {"path":"/home/pavel/Documentos/ReactLab/src/app/components/Header/index.tsx","statementMap":{"0":{"start":{"line":16,"column":40},"end":{"line":21,"column":1}},"1":{"start":{"line":16,"column":42},"end":{"line":16,"column":51}},"2":{"start":{"line":16,"column":53},"end":{"line":16,"column":60}},"3":{"start":{"line":16,"column":62},"end":{"line":16,"column":71}},"4":{"start":{"line":16,"column":73},"end":{"line":16,"column":82}},"5":{"start":{"line":16,"column":84},"end":{"line":16,"column":94}},"6":{"start":{"line":16,"column":96},"end":{"line":16,"column":106}},"7":{"start":{"line":16,"column":111},"end":{"line":21,"column":1}}},"fnMap":{"0":{"name":"(anonymous_0)","decl":{"start":{"line":16,"column":40},"end":{"line":16,"column":40}},"loc":{"start":{"line":16,"column":107},"end":{"line":21,"column":1}}}},"branchMap":{},"s":{"0":1,"1":1,"2":1,"3":1,"4":1,"5":1,"6":1,"7":1},"f":{"0":1},"b":{}}
,"/home/pavel/Documentos/ReactLab/src/app/components/Header/styled.tsx": {"path":"/home/pavel/Documentos/ReactLab/src/app/components/Header/styled.tsx","statementMap":{"0":{"start":{"line":3,"column":21},"end":{"line":14,"column":1}}},"fnMap":{},"branchMap":{"0":{"loc":{"start":{"line":3,"column":31},"end":{"line":3,"column":30}},"type":"binary-expr","locations":[{"start":{"line":3,"column":31},"end":{"line":3,"column":30}},{"start":{"line":3,"column":31},"end":{"line":14,"column":1}}]}},"s":{"0":1},"f":{},"b":{"0":[1,1]}}
,"/home/pavel/Documentos/ReactLab/src/app/components/Header-Menu/index.tsx": {"path":"/home/pavel/Documentos/ReactLab/src/app/components/Header-Menu/index.tsx","statementMap":{"0":{"start":{"line":17,"column":38},"end":{"line":23,"column":1}},"1":{"start":{"line":17,"column":40},"end":{"line":17,"column":46}},"2":{"start":{"line":17,"column":48},"end":{"line":17,"column":57}},"3":{"start":{"line":17,"column":59},"end":{"line":17,"column":68}},"4":{"start":{"line":17,"column":70},"end":{"line":17,"column":80}},"5":{"start":{"line":17,"column":82},"end":{"line":17,"column":92}},"6":{"start":{"line":17,"column":98},"end":{"line":23,"column":1}}},"fnMap":{"0":{"name":"(anonymous_0)","decl":{"start":{"line":17,"column":38},"end":{"line":17,"column":38}},"loc":{"start":{"line":17,"column":93},"end":{"line":23,"column":1}}}},"branchMap":{},"s":{"0":2,"1":2,"2":2,"3":2,"4":2,"5":2,"6":2},"f":{"0":2},"b":{}}
,"/home/pavel/Documentos/ReactLab/src/app/components/Header-Menu/styled.tsx": {"path":"/home/pavel/Documentos/ReactLab/src/app/components/Header-Menu/styled.tsx","statementMap":{"0":{"start":{"line":11,"column":21},"end":{"line":18,"column":1}},"1":{"start":{"line":20,"column":18},"end":{"line":32,"column":1}},"2":{"start":{"line":34,"column":20},"end":{"line":42,"column":1}},"3":{"start":{"line":39,"column":30},"end":{"line":41,"column":5}},"4":{"start":{"line":44,"column":22},"end":{"line":61,"column":1}},"5":{"start":{"line":58,"column":30},"end":{"line":60,"column":5}}},"fnMap":{"0":{"name":"(anonymous_1)","decl":{"start":{"line":39,"column":6},"end":{"line":39,"column":6}},"loc":{"start":{"line":39,"column":25},"end":{"line":41,"column":5}}},"1":{"name":"(anonymous_2)","decl":{"start":{"line":58,"column":6},"end":{"line":58,"column":6}},"loc":{"start":{"line":58,"column":25},"end":{"line":60,"column":5}}}},"branchMap":{"0":{"loc":{"start":{"line":11,"column":31},"end":{"line":11,"column":30}},"type":"binary-expr","locations":[{"start":{"line":11,"column":31},"end":{"line":11,"column":30}},{"start":{"line":11,"column":31},"end":{"line":18,"column":1}}]},"1":{"loc":{"start":{"line":20,"column":26},"end":{"line":20,"column":25}},"type":"binary-expr","locations":[{"start":{"line":20,"column":26},"end":{"line":20,"column":25}},{"start":{"line":20,"column":26},"end":{"line":32,"column":1}}]},"2":{"loc":{"start":{"line":34,"column":30},"end":{"line":34,"column":29}},"type":"binary-expr","locations":[{"start":{"line":34,"column":30},"end":{"line":34,"column":29}},{"start":{"line":34,"column":30},"end":{"line":42,"column":1}}]},"3":{"loc":{"start":{"line":39,"column":30},"end":{"line":39,"column":46}},"type":"binary-expr","locations":[{"start":{"line":39,"column":30},"end":{"line":39,"column":46}},{"start":{"line":39,"column":50},"end":{"line":41,"column":5}}]},"4":{"loc":{"start":{"line":39,"column":53},"end":{"line":39,"column":52}},"type":"binary-expr","locations":[{"start":{"line":39,"column":53},"end":{"line":39,"column":52}},{"start":{"line":39,"column":53},"end":{"line":41,"column":5}}]},"5":{"loc":{"start":{"line":44,"column":35},"end":{"line":44,"column":34}},"type":"binary-expr","locations":[{"start":{"line":44,"column":35},"end":{"line":44,"column":34}},{"start":{"line":44,"column":35},"end":{"line":61,"column":1}}]},"6":{"loc":{"start":{"line":58,"column":30},"end":{"line":58,"column":47}},"type":"binary-expr","locations":[{"start":{"line":58,"column":30},"end":{"line":58,"column":47}},{"start":{"line":58,"column":51},"end":{"line":60,"column":5}}]},"7":{"loc":{"start":{"line":58,"column":54},"end":{"line":58,"column":53}},"type":"binary-expr","locations":[{"start":{"line":58,"column":54},"end":{"line":58,"column":53}},{"start":{"line":58,"column":54},"end":{"line":60,"column":5}}]}},"s":{"0":2,"1":2,"2":2,"3":1,"4":2,"5":1},"f":{"0":1,"1":1},"b":{"0":[2,2],"1":[2,2],"2":[2,2],"3":[1,1],"4":[1,1],"5":[2,2],"6":[1,0],"7":[0,0]}}
,"/home/pavel/Documentos/ReactLab/src/app/components/Header-Search/index.tsx": {"path":"/home/pavel/Documentos/ReactLab/src/app/components/Header-Search/index.tsx","statementMap":{"0":{"start":{"line":11,"column":40},"end":{"line":15,"column":1}},"1":{"start":{"line":11,"column":42},"end":{"line":11,"column":48}},"2":{"start":{"line":11,"column":54},"end":{"line":15,"column":1}}},"fnMap":{"0":{"name":"(anonymous_0)","decl":{"start":{"line":11,"column":40},"end":{"line":11,"column":40}},"loc":{"start":{"line":11,"column":49},"end":{"line":15,"column":1}}}},"branchMap":{},"s":{"0":2,"1":2,"2":2},"f":{"0":2},"b":{}}
,"/home/pavel/Documentos/ReactLab/src/app/components/Header-Search/styled.tsx": {"path":"/home/pavel/Documentos/ReactLab/src/app/components/Header-Search/styled.tsx","statementMap":{"0":{"start":{"line":3,"column":21},"end":{"line":7,"column":1}},"1":{"start":{"line":9,"column":19},"end":{"line":12,"column":1}}},"fnMap":{},"branchMap":{"0":{"loc":{"start":{"line":3,"column":31},"end":{"line":3,"column":30}},"type":"binary-expr","locations":[{"start":{"line":3,"column":31},"end":{"line":3,"column":30}},{"start":{"line":3,"column":31},"end":{"line":7,"column":1}}]},"1":{"loc":{"start":{"line":9,"column":29},"end":{"line":9,"column":28}},"type":"binary-expr","locations":[{"start":{"line":9,"column":29},"end":{"line":9,"column":28}},{"start":{"line":9,"column":29},"end":{"line":12,"column":1}}]}},"s":{"0":2,"1":2},"f":{},"b":{"0":[2,2],"1":[2,2]}}
,"/home/pavel/Documentos/ReactLab/src/app/components/Modal/index.tsx": {"path":"/home/pavel/Documentos/ReactLab/src/app/components/Modal/index.tsx","statementMap":{"0":{"start":{"line":5,"column":37},"end":{"line":5,"column":66}},"1":{"start":{"line":6,"column":0},"end":{"line":6,"column":38}},"2":{"start":{"line":7,"column":0},"end":{"line":7,"column":42}},"3":{"start":{"line":12,"column":0},"end":{"line":12,"column":42}},"4":{"start":{"line":12,"column":27},"end":{"line":12,"column":53}},"5":{"start":{"line":16,"column":8},"end":{"line":16,"column":20}},"6":{"start":{"line":17,"column":8},"end":{"line":17,"column":46}},"7":{"start":{"line":19,"column":4},"end":{"line":21,"column":5}},"8":{"start":{"line":20,"column":8},"end":{"line":20,"column":44}},"9":{"start":{"line":22,"column":4},"end":{"line":24,"column":5}},"10":{"start":{"line":23,"column":8},"end":{"line":23,"column":44}},"11":{"start":{"line":25,"column":4},"end":{"line":32,"column":5}},"12":{"start":{"line":26,"column":8},"end":{"line":31,"column":10}},"13":{"start":{"line":33,"column":0},"end":{"line":33,"column":1}}},"fnMap":{"0":{"name":"(anonymous_6)","decl":{"start":{"line":12,"column":0},"end":{"line":null,"column":-1}},"loc":{"start":{"line":12,"column":0},"end":{"line":12,"column":-1}}},"1":{"name":"Modal","decl":{"start":{"line":15,"column":4},"end":{"line":15,"column":15}},"loc":{"start":{"line":15,"column":26},"end":{"line":18,"column":5}}},"2":{"name":"(anonymous_8)","decl":{"start":{"line":19,"column":4},"end":{"line":null,"column":-1}},"loc":{"start":{"line":19,"column":4},"end":{"line":21,"column":5}}},"3":{"name":"(anonymous_9)","decl":{"start":{"line":22,"column":4},"end":{"line":null,"column":-1}},"loc":{"start":{"line":22,"column":4},"end":{"line":24,"column":5}}},"4":{"name":"(anonymous_10)","decl":{"start":{"line":25,"column":4},"end":{"line":null,"column":-1}},"loc":{"start":{"line":25,"column":4},"end":{"line":32,"column":5}}}},"branchMap":{"0":{"loc":{"start":{"line":16,"column":8},"end":{"line":16,"column":20}},"type":"binary-expr","locations":[{"start":{"line":16,"column":8},"end":{"line":16,"column":20}},{"start":{"line":16,"column":20},"end":{"line":18,"column":4}}]}},"s":{"0":2,"1":2,"2":2,"3":2,"4":2,"5":1,"6":1,"7":2,"8":1,"9":2,"10":0,"11":2,"12":1,"13":2},"f":{"0":2,"1":1,"2":1,"3":0,"4":1},"b":{"0":[1,1]}}
,"/home/pavel/Documentos/ReactLab/src/app/components/Modal/styled.tsx": {"path":"/home/pavel/Documentos/ReactLab/src/app/components/Modal/styled.tsx","statementMap":{"0":{"start":{"line":3,"column":23},"end":{"line":13,"column":1}}},"fnMap":{},"branchMap":{"0":{"loc":{"start":{"line":3,"column":33},"end":{"line":3,"column":32}},"type":"binary-expr","locations":[{"start":{"line":3,"column":33},"end":{"line":3,"column":32}},{"start":{"line":3,"column":33},"end":{"line":13,"column":1}}]}},"s":{"0":2},"f":{},"b":{"0":[2,2]}}
,"/home/pavel/Documentos/ReactLab/src/app/components/ModalLogin/index.tsx": {"path":"/home/pavel/Documentos/ReactLab/src/app/components/ModalLogin/index.tsx","statementMap":{"0":{"start":{"line":28,"column":44},"end":{"line":64,"column":1}},"1":{"start":{"line":28,"column":46},"end":{"line":28,"column":56}},"2":{"start":{"line":28,"column":58},"end":{"line":28,"column":68}},"3":{"start":{"line":28,"column":70},"end":{"line":28,"column":83}},"4":{"start":{"line":28,"column":85},"end":{"line":28,"column":96}},"5":{"start":{"line":28,"column":98},"end":{"line":28,"column":112}},"6":{"start":{"line":28,"column":114},"end":{"line":28,"column":123}},"7":{"start":{"line":28,"column":125},"end":{"line":28,"column":137}},"8":{"start":{"line":28,"column":139},"end":{"line":28,"column":153}},"9":{"start":{"line":28,"column":155},"end":{"line":28,"column":172}},"10":{"start":{"line":28,"column":174},"end":{"line":28,"column":184}},"11":{"start":{"line":28,"column":186},"end":{"line":28,"column":196}},"12":{"start":{"line":28,"column":198},"end":{"line":28,"column":212}},"13":{"start":{"line":28,"column":218},"end":{"line":64,"column":1}}},"fnMap":{"0":{"name":"(anonymous_0)","decl":{"start":{"line":28,"column":44},"end":{"line":28,"column":44}},"loc":{"start":{"line":28,"column":213},"end":{"line":64,"column":1}}}},"branchMap":{},"s":{"0":1,"1":1,"2":1,"3":1,"4":1,"5":1,"6":1,"7":1,"8":1,"9":1,"10":1,"11":1,"12":1,"13":1},"f":{"0":1},"b":{}}
,"/home/pavel/Documentos/ReactLab/src/app/components/ModalLogin/styled.tsx": {"path":"/home/pavel/Documentos/ReactLab/src/app/components/ModalLogin/styled.tsx","statementMap":{"0":{"start":{"line":14,"column":21},"end":{"line":17,"column":1}},"1":{"start":{"line":19,"column":21},"end":{"line":30,"column":1}},"2":{"start":{"line":26,"column":29},"end":{"line":29,"column":5}},"3":{"start":{"line":32,"column":28},"end":{"line":44,"column":1}},"4":{"start":{"line":41,"column":31},"end":{"line":43,"column":5}},"5":{"start":{"line":46,"column":26},"end":{"line":58,"column":1}},"6":{"start":{"line":55,"column":29},"end":{"line":57,"column":5}},"7":{"start":{"line":60,"column":22},"end":{"line":69,"column":1}},"8":{"start":{"line":71,"column":21},"end":{"line":77,"column":1}},"9":{"start":{"line":79,"column":20},"end":{"line":87,"column":1}}},"fnMap":{"0":{"name":"(anonymous_1)","decl":{"start":{"line":26,"column":6},"end":{"line":26,"column":6}},"loc":{"start":{"line":26,"column":24},"end":{"line":29,"column":5}}},"1":{"name":"(anonymous_2)","decl":{"start":{"line":41,"column":6},"end":{"line":41,"column":6}},"loc":{"start":{"line":41,"column":26},"end":{"line":43,"column":5}}},"2":{"name":"(anonymous_3)","decl":{"start":{"line":55,"column":6},"end":{"line":55,"column":6}},"loc":{"start":{"line":55,"column":24},"end":{"line":57,"column":5}}}},"branchMap":{"0":{"loc":{"start":{"line":14,"column":30},"end":{"line":14,"column":29}},"type":"binary-expr","locations":[{"start":{"line":14,"column":30},"end":{"line":14,"column":29}},{"start":{"line":14,"column":30},"end":{"line":17,"column":1}}]},"1":{"loc":{"start":{"line":19,"column":33},"end":{"line":19,"column":32}},"type":"binary-expr","locations":[{"start":{"line":19,"column":33},"end":{"line":19,"column":32}},{"start":{"line":19,"column":33},"end":{"line":30,"column":1}}]},"2":{"loc":{"start":{"line":26,"column":29},"end":{"line":26,"column":44}},"type":"binary-expr","locations":[{"start":{"line":26,"column":29},"end":{"line":26,"column":44}},{"start":{"line":26,"column":48},"end":{"line":29,"column":5}}]},"3":{"loc":{"start":{"line":26,"column":51},"end":{"line":26,"column":50}},"type":"binary-expr","locations":[{"start":{"line":26,"column":51},"end":{"line":26,"column":50}},{"start":{"line":26,"column":51},"end":{"line":29,"column":5}}]},"4":{"loc":{"start":{"line":32,"column":38},"end":{"line":32,"column":37}},"type":"binary-expr","locations":[{"start":{"line":32,"column":38},"end":{"line":32,"column":37}},{"start":{"line":32,"column":38},"end":{"line":44,"column":1}}]},"5":{"loc":{"start":{"line":41,"column":31},"end":{"line":41,"column":41}},"type":"binary-expr","locations":[{"start":{"line":41,"column":31},"end":{"line":41,"column":41}},{"start":{"line":41,"column":45},"end":{"line":43,"column":5}}]},"6":{"loc":{"start":{"line":41,"column":48},"end":{"line":41,"column":47}},"type":"binary-expr","locations":[{"start":{"line":41,"column":48},"end":{"line":41,"column":47}},{"start":{"line":41,"column":48},"end":{"line":43,"column":5}}]},"7":{"loc":{"start":{"line":46,"column":36},"end":{"line":46,"column":35}},"type":"binary-expr","locations":[{"start":{"line":46,"column":36},"end":{"line":46,"column":35}},{"start":{"line":46,"column":36},"end":{"line":58,"column":1}}]},"8":{"loc":{"start":{"line":55,"column":29},"end":{"line":55,"column":44}},"type":"binary-expr","locations":[{"start":{"line":55,"column":29},"end":{"line":55,"column":44}},{"start":{"line":55,"column":48},"end":{"line":57,"column":5}}]},"9":{"loc":{"start":{"line":55,"column":51},"end":{"line":55,"column":50}},"type":"binary-expr","locations":[{"start":{"line":55,"column":51},"end":{"line":55,"column":50}},{"start":{"line":55,"column":51},"end":{"line":57,"column":5}}]},"10":{"loc":{"start":{"line":60,"column":35},"end":{"line":60,"column":34}},"type":"binary-expr","locations":[{"start":{"line":60,"column":35},"end":{"line":60,"column":34}},{"start":{"line":60,"column":35},"end":{"line":69,"column":1}}]},"11":{"loc":{"start":{"line":71,"column":31},"end":{"line":71,"column":30}},"type":"binary-expr","locations":[{"start":{"line":71,"column":31},"end":{"line":71,"column":30}},{"start":{"line":71,"column":31},"end":{"line":77,"column":1}}]},"12":{"loc":{"start":{"line":79,"column":31},"end":{"line":79,"column":30}},"type":"binary-expr","locations":[{"start":{"line":79,"column":31},"end":{"line":79,"column":30}},{"start":{"line":79,"column":31},"end":{"line":87,"column":1}}]}},"s":{"0":1,"1":1,"2":0,"3":1,"4":0,"5":1,"6":0,"7":1,"8":1,"9":1},"f":{"0":0,"1":0,"2":0},"b":{"0":[1,1],"1":[1,1],"2":[0,0],"3":[0,0],"4":[1,1],"5":[0,0],"6":[0,0],"7":[1,1],"8":[0,0],"9":[0,0],"10":[1,1],"11":[1,1],"12":[1,1]}}
,"/home/pavel/Documentos/ReactLab/src/app/components/Product/index.tsx": {"path":"/home/pavel/Documentos/ReactLab/src/app/components/Product/index.tsx","statementMap":{"0":{"start":{"line":26,"column":41},"end":{"line":40,"column":1}},"1":{"start":{"line":26,"column":43},"end":{"line":26,"column":45}},"2":{"start":{"line":26,"column":46},"end":{"line":26,"column":51}},"3":{"start":{"line":26,"column":53},"end":{"line":26,"column":59}},"4":{"start":{"line":26,"column":61},"end":{"line":26,"column":72}},"5":{"start":{"line":26,"column":74},"end":{"line":26,"column":79}},"6":{"start":{"line":26,"column":81},"end":{"line":26,"column":86}},"7":{"start":{"line":26,"column":88},"end":{"line":26,"column":95}},"8":{"start":{"line":26,"column":97},"end":{"line":26,"column":106}},"9":{"start":{"line":26,"column":108},"end":{"line":26,"column":118}},"10":{"start":{"line":26,"column":124},"end":{"line":40,"column":1}},"11":{"start":{"line":33,"column":66},"end":{"line":35,"column":14}}},"fnMap":{"0":{"name":"(anonymous_0)","decl":{"start":{"line":26,"column":41},"end":{"line":26,"column":41}},"loc":{"start":{"line":26,"column":119},"end":{"line":40,"column":1}}},"1":{"name":"(anonymous_1)","decl":{"start":{"line":33,"column":60},"end":{"line":33,"column":65}},"loc":{"start":{"line":33,"column":60},"end":{"line":35,"column":14}}}},"branchMap":{},"s":{"0":1,"1":1,"2":1,"3":1,"4":1,"5":1,"6":1,"7":1,"8":1,"9":1,"10":1,"11":0},"f":{"0":1,"1":0},"b":{}}
,"/home/pavel/Documentos/ReactLab/src/app/components/Product/styled.tsx": {"path":"/home/pavel/Documentos/ReactLab/src/app/components/Product/styled.tsx","statementMap":{"0":{"start":{"line":8,"column":21},"end":{"line":10,"column":1}},"1":{"start":{"line":12,"column":20},"end":{"line":16,"column":1}},"2":{"start":{"line":18,"column":27},"end":{"line":23,"column":1}},"3":{"start":{"line":25,"column":21},"end":{"line":30,"column":1}},"4":{"start":{"line":32,"column":21},"end":{"line":36,"column":1}},"5":{"start":{"line":38,"column":22},"end":{"line":53,"column":1}},"6":{"start":{"line":48,"column":25},"end":{"line":52,"column":5}},"7":{"start":{"line":55,"column":26},"end":{"line":57,"column":1}},"8":{"start":{"line":59,"column":27},"end":{"line":62,"column":1}},"9":{"start":{"line":64,"column":23},"end":{"line":73,"column":1}}},"fnMap":{"0":{"name":"(anonymous_1)","decl":{"start":{"line":48,"column":6},"end":{"line":48,"column":6}},"loc":{"start":{"line":48,"column":20},"end":{"line":52,"column":5}}}},"branchMap":{"0":{"loc":{"start":{"line":8,"column":30},"end":{"line":8,"column":29}},"type":"binary-expr","locations":[{"start":{"line":8,"column":30},"end":{"line":8,"column":29}},{"start":{"line":8,"column":30},"end":{"line":10,"column":1}}]},"1":{"loc":{"start":{"line":12,"column":30},"end":{"line":12,"column":29}},"type":"binary-expr","locations":[{"start":{"line":12,"column":30},"end":{"line":12,"column":29}},{"start":{"line":12,"column":30},"end":{"line":16,"column":1}}]},"2":{"loc":{"start":{"line":18,"column":35},"end":{"line":18,"column":34}},"type":"binary-expr","locations":[{"start":{"line":18,"column":35},"end":{"line":18,"column":34}},{"start":{"line":18,"column":35},"end":{"line":23,"column":1}}]},"3":{"loc":{"start":{"line":25,"column":29},"end":{"line":25,"column":28}},"type":"binary-expr","locations":[{"start":{"line":25,"column":29},"end":{"line":25,"column":28}},{"start":{"line":25,"column":29},"end":{"line":30,"column":1}}]},"4":{"loc":{"start":{"line":32,"column":29},"end":{"line":32,"column":28}},"type":"binary-expr","locations":[{"start":{"line":32,"column":29},"end":{"line":32,"column":28}},{"start":{"line":32,"column":29},"end":{"line":36,"column":1}}]},"5":{"loc":{"start":{"line":38,"column":35},"end":{"line":38,"column":34}},"type":"binary-expr","locations":[{"start":{"line":38,"column":35},"end":{"line":38,"column":34}},{"start":{"line":38,"column":35},"end":{"line":53,"column":1}}]},"6":{"loc":{"start":{"line":48,"column":25},"end":{"line":48,"column":39}},"type":"binary-expr","locations":[{"start":{"line":48,"column":25},"end":{"line":48,"column":39}},{"start":{"line":48,"column":43},"end":{"line":52,"column":5}}]},"7":{"loc":{"start":{"line":48,"column":46},"end":{"line":48,"column":45}},"type":"binary-expr","locations":[{"start":{"line":48,"column":46},"end":{"line":48,"column":45}},{"start":{"line":48,"column":46},"end":{"line":52,"column":5}}]},"8":{"loc":{"start":{"line":55,"column":37},"end":{"line":55,"column":36}},"type":"binary-expr","locations":[{"start":{"line":55,"column":37},"end":{"line":55,"column":36}},{"start":{"line":55,"column":37},"end":{"line":57,"column":1}}]},"9":{"loc":{"start":{"line":59,"column":37},"end":{"line":59,"column":36}},"type":"binary-expr","locations":[{"start":{"line":59,"column":37},"end":{"line":59,"column":36}},{"start":{"line":59,"column":37},"end":{"line":62,"column":1}}]},"10":{"loc":{"start":{"line":64,"column":33},"end":{"line":64,"column":32}},"type":"binary-expr","locations":[{"start":{"line":64,"column":33},"end":{"line":64,"column":32}},{"start":{"line":64,"column":33},"end":{"line":73,"column":1}}]}},"s":{"0":1,"1":1,"2":1,"3":1,"4":1,"5":1,"6":0,"7":1,"8":1,"9":1},"f":{"0":0},"b":{"0":[1,1],"1":[1,1],"2":[1,1],"3":[1,1],"4":[1,1],"5":[1,1],"6":[0,0],"7":[0,0],"8":[1,1],"9":[1,1],"10":[1,1]}}
}
