TN:
SF:/home/pavel/Documentos/ReactLab/src/app/components/Header/index.tsx
FN:16,(anonymous_0)
FNF:1
FNH:1
FNDA:1,(anonymous_0)
DA:16,1
LF:1
LH:1
BRF:0
BRH:0
end_of_record
TN:
SF:/home/pavel/Documentos/ReactLab/src/app/components/Header/styled.tsx
FNF:0
FNH:0
DA:3,1
LF:1
LH:1
BRDA:3,0,0,1
BRDA:3,0,1,1
BRF:2
BRH:2
end_of_record
TN:
SF:/home/pavel/Documentos/ReactLab/src/app/components/Header-Menu/index.tsx
FN:17,(anonymous_0)
FNF:1
FNH:1
FNDA:2,(anonymous_0)
DA:17,2
LF:1
LH:1
BRF:0
BRH:0
end_of_record
TN:
SF:/home/pavel/Documentos/ReactLab/src/app/components/Header-Menu/styled.tsx
FN:39,(anonymous_1)
FN:58,(anonymous_2)
FNF:2
FNH:2
FNDA:1,(anonymous_1)
FNDA:1,(anonymous_2)
DA:11,2
DA:20,2
DA:34,2
DA:39,1
DA:44,2
DA:58,1
LF:6
LH:6
BRDA:11,0,0,2
BRDA:11,0,1,2
BRDA:20,1,0,2
BRDA:20,1,1,2
BRDA:34,2,0,2
BRDA:34,2,1,2
BRDA:39,3,0,1
BRDA:39,3,1,1
BRDA:39,4,0,1
BRDA:39,4,1,1
BRDA:44,5,0,2
BRDA:44,5,1,2
BRDA:58,6,0,1
BRDA:58,6,1,0
BRDA:58,7,0,0
BRDA:58,7,1,0
BRF:16
BRH:13
end_of_record
TN:
SF:/home/pavel/Documentos/ReactLab/src/app/components/Header-Search/index.tsx
FN:11,(anonymous_0)
FNF:1
FNH:1
FNDA:2,(anonymous_0)
DA:11,2
LF:1
LH:1
BRF:0
BRH:0
end_of_record
TN:
SF:/home/pavel/Documentos/ReactLab/src/app/components/Header-Search/styled.tsx
FNF:0
FNH:0
DA:3,2
DA:9,2
LF:2
LH:2
BRDA:3,0,0,2
BRDA:3,0,1,2
BRDA:9,1,0,2
BRDA:9,1,1,2
BRF:4
BRH:4
end_of_record
TN:
SF:/home/pavel/Documentos/ReactLab/src/app/components/Modal/index.tsx
FN:12,(anonymous_6)
FN:15,Modal
FN:19,(anonymous_8)
FN:22,(anonymous_9)
FN:25,(anonymous_10)
FNF:5
FNH:4
FNDA:2,(anonymous_6)
FNDA:1,Modal
FNDA:1,(anonymous_8)
FNDA:0,(anonymous_9)
FNDA:1,(anonymous_10)
DA:5,2
DA:6,2
DA:7,2
DA:12,2
DA:16,1
DA:17,1
DA:19,2
DA:20,1
DA:22,2
DA:23,0
DA:25,2
DA:26,1
DA:33,2
LF:13
LH:12
BRDA:16,0,0,1
BRDA:16,0,1,1
BRF:2
BRH:2
end_of_record
TN:
SF:/home/pavel/Documentos/ReactLab/src/app/components/Modal/styled.tsx
FNF:0
FNH:0
DA:3,2
LF:1
LH:1
BRDA:3,0,0,2
BRDA:3,0,1,2
BRF:2
BRH:2
end_of_record
TN:
SF:/home/pavel/Documentos/ReactLab/src/app/components/ModalLogin/index.tsx
FN:28,(anonymous_0)
FNF:1
FNH:1
FNDA:1,(anonymous_0)
DA:28,1
LF:1
LH:1
BRF:0
BRH:0
end_of_record
TN:
SF:/home/pavel/Documentos/ReactLab/src/app/components/ModalLogin/styled.tsx
FN:26,(anonymous_1)
FN:41,(anonymous_2)
FN:55,(anonymous_3)
FNF:3
FNH:0
FNDA:0,(anonymous_1)
FNDA:0,(anonymous_2)
FNDA:0,(anonymous_3)
DA:14,1
DA:19,1
DA:26,0
DA:32,1
DA:41,0
DA:46,1
DA:55,0
DA:60,1
DA:71,1
DA:79,1
LF:10
LH:7
BRDA:14,0,0,1
BRDA:14,0,1,1
BRDA:19,1,0,1
BRDA:19,1,1,1
BRDA:26,2,0,0
BRDA:26,2,1,0
BRDA:26,3,0,0
BRDA:26,3,1,0
BRDA:32,4,0,1
BRDA:32,4,1,1
BRDA:41,5,0,0
BRDA:41,5,1,0
BRDA:41,6,0,0
BRDA:41,6,1,0
BRDA:46,7,0,1
BRDA:46,7,1,1
BRDA:55,8,0,0
BRDA:55,8,1,0
BRDA:55,9,0,0
BRDA:55,9,1,0
BRDA:60,10,0,1
BRDA:60,10,1,1
BRDA:71,11,0,1
BRDA:71,11,1,1
BRDA:79,12,0,1
BRDA:79,12,1,1
BRF:26
BRH:14
end_of_record
TN:
SF:/home/pavel/Documentos/ReactLab/src/app/components/Product/index.tsx
FN:26,(anonymous_0)
FN:33,(anonymous_1)
FNF:2
FNH:1
FNDA:1,(anonymous_0)
FNDA:0,(anonymous_1)
DA:26,1
DA:33,0
LF:2
LH:1
BRF:0
BRH:0
end_of_record
TN:
SF:/home/pavel/Documentos/ReactLab/src/app/components/Product/styled.tsx
FN:48,(anonymous_1)
FNF:1
FNH:0
FNDA:0,(anonymous_1)
DA:8,1
DA:12,1
DA:18,1
DA:25,1
DA:32,1
DA:38,1
DA:48,0
DA:55,1
DA:59,1
DA:64,1
LF:10
LH:9
BRDA:8,0,0,1
BRDA:8,0,1,1
BRDA:12,1,0,1
BRDA:12,1,1,1
BRDA:18,2,0,1
BRDA:18,2,1,1
BRDA:25,3,0,1
BRDA:25,3,1,1
BRDA:32,4,0,1
BRDA:32,4,1,1
BRDA:38,5,0,1
BRDA:38,5,1,1
BRDA:48,6,0,0
BRDA:48,6,1,0
BRDA:48,7,0,0
BRDA:48,7,1,0
BRDA:55,8,0,1
BRDA:55,8,1,1
BRDA:59,9,0,1
BRDA:59,9,1,1
BRDA:64,10,0,1
BRDA:64,10,1,1
BRF:22
BRH:18
end_of_record
